c:\users\mihai\desktop\info\c++\c++ college\hawkqtv01\hawk\hawk\x64\release\repository.obj
c:\users\mihai\desktop\info\c++\c++ college\hawkqtv01\hawk\hawk\x64\release\main.obj
c:\users\mihai\desktop\info\c++\c++ college\hawkqtv01\hawk\hawk\x64\release\hawk.obj
c:\users\mihai\desktop\info\c++\c++ college\hawkqtv01\hawk\hawk\x64\release\moc_popouts.obj
c:\users\mihai\desktop\info\c++\c++ college\hawkqtv01\hawk\hawk\x64\release\moc_hawk.obj
c:\users\mihai\desktop\info\c++\c++ college\hawkqtv01\hawk\hawk\x64\release\domain.obj
c:\users\mihai\desktop\info\c++\c++ college\hawkqtv01\hawk\hawk\x64\release\controller.obj
c:\users\mihai\desktop\info\c++\c++ college\hawkqtv01\hawk\hawk\x64\release\qrc_hawk.obj
c:\users\mihai\desktop\info\c++\c++ college\hawkqtv01\hawk\hawk\generatedfiles\release\moc_hawk.cpp
c:\users\mihai\desktop\info\c++\c++ college\hawkqtv01\hawk\hawk\generatedfiles\ui_hawk.h
c:\users\mihai\desktop\info\c++\c++ college\hawkqtv01\hawk\hawk\generatedfiles\release\moc_popouts.cpp
c:\users\mihai\desktop\info\c++\c++ college\hawkqtv01\hawk\hawk\generatedfiles\qrc_hawk.cpp
c:\users\mihai\desktop\info\c++\c++ college\hawkqtv01\hawk\x64\release\hawk.exe
c:\users\mihai\desktop\info\c++\c++ college\hawkqtv01\hawk\hawk\x64\release\hawk.tlog\cl.command.1.tlog
c:\users\mihai\desktop\info\c++\c++ college\hawkqtv01\hawk\hawk\x64\release\hawk.tlog\cl.read.1.tlog
c:\users\mihai\desktop\info\c++\c++ college\hawkqtv01\hawk\hawk\x64\release\hawk.tlog\cl.write.1.tlog
c:\users\mihai\desktop\info\c++\c++ college\hawkqtv01\hawk\hawk\x64\release\hawk.tlog\custombuild.command.1.tlog
c:\users\mihai\desktop\info\c++\c++ college\hawkqtv01\hawk\hawk\x64\release\hawk.tlog\custombuild.read.1.tlog
c:\users\mihai\desktop\info\c++\c++ college\hawkqtv01\hawk\hawk\x64\release\hawk.tlog\custombuild.write.1.tlog
c:\users\mihai\desktop\info\c++\c++ college\hawkqtv01\hawk\hawk\x64\release\hawk.tlog\link.command.1.tlog
c:\users\mihai\desktop\info\c++\c++ college\hawkqtv01\hawk\hawk\x64\release\hawk.tlog\link.read.1.tlog
c:\users\mihai\desktop\info\c++\c++ college\hawkqtv01\hawk\hawk\x64\release\hawk.tlog\link.write.1.tlog
