c:\users\mihai\desktop\info\c++\c++ college\hawkqtv01\hawk\hawk\x64\debug\vc140.pdb
c:\users\mihai\desktop\info\c++\c++ college\hawkqtv01\hawk\hawk\x64\debug\repository.obj
c:\users\mihai\desktop\info\c++\c++ college\hawkqtv01\hawk\hawk\x64\debug\domain.obj
c:\users\mihai\desktop\info\c++\c++ college\hawkqtv01\hawk\hawk\x64\debug\controller.obj
c:\users\mihai\desktop\info\c++\c++ college\hawkqtv01\hawk\hawk\x64\debug\main.obj
c:\users\mihai\desktop\info\c++\c++ college\hawkqtv01\hawk\hawk\x64\debug\hawk.obj
c:\users\mihai\desktop\info\c++\c++ college\hawkqtv01\hawk\hawk\x64\debug\moc_hawk.obj
c:\users\mihai\desktop\info\c++\c++ college\hawkqtv01\hawk\hawk\x64\debug\moc_popouts.obj
c:\users\mihai\desktop\info\c++\c++ college\hawkqtv01\hawk\hawk\x64\debug\qrc_hawk.obj
c:\users\mihai\desktop\info\c++\c++ college\hawkqtv01\hawk\hawk\generatedfiles\debug\moc_popouts.cpp
c:\users\mihai\desktop\info\c++\c++ college\hawkqtv01\hawk\hawk\generatedfiles\debug\moc_hawk.cpp
c:\users\mihai\desktop\info\c++\c++ college\hawkqtv01\hawk\hawk\generatedfiles\ui_hawk.h
c:\users\mihai\desktop\info\c++\c++ college\hawkqtv01\hawk\hawk\generatedfiles\qrc_hawk.cpp
c:\users\mihai\desktop\info\c++\c++ college\hawkqtv01\hawk\x64\debug\hawk.ilk
c:\users\mihai\desktop\info\c++\c++ college\hawkqtv01\hawk\x64\debug\hawk.exe
c:\users\mihai\desktop\info\c++\c++ college\hawkqtv01\hawk\x64\debug\hawk.pdb
c:\users\mihai\desktop\info\c++\c++ college\hawkqtv01\hawk\hawk\x64\debug\hawk.tlog\cl.command.1.tlog
c:\users\mihai\desktop\info\c++\c++ college\hawkqtv01\hawk\hawk\x64\debug\hawk.tlog\cl.read.1.tlog
c:\users\mihai\desktop\info\c++\c++ college\hawkqtv01\hawk\hawk\x64\debug\hawk.tlog\cl.write.1.tlog
c:\users\mihai\desktop\info\c++\c++ college\hawkqtv01\hawk\hawk\x64\debug\hawk.tlog\custombuild.command.1.tlog
c:\users\mihai\desktop\info\c++\c++ college\hawkqtv01\hawk\hawk\x64\debug\hawk.tlog\custombuild.read.1.tlog
c:\users\mihai\desktop\info\c++\c++ college\hawkqtv01\hawk\hawk\x64\debug\hawk.tlog\custombuild.write.1.tlog
c:\users\mihai\desktop\info\c++\c++ college\hawkqtv01\hawk\hawk\x64\debug\hawk.tlog\link.command.1.tlog
c:\users\mihai\desktop\info\c++\c++ college\hawkqtv01\hawk\hawk\x64\debug\hawk.tlog\link.read.1.tlog
c:\users\mihai\desktop\info\c++\c++ college\hawkqtv01\hawk\hawk\x64\debug\hawk.tlog\link.write.1.tlog
